<?xml version="1.0" encoding="UTF-8"?>
<testng-results skipped="0" failed="0" total="1" passed="1">
  <reporter-output>
  </reporter-output>
  <suite name="Default suite" duration-ms="8385" started-at="2018-09-21T06:09:46Z" finished-at="2018-09-21T06:09:54Z">
    <groups>
    </groups>
    <test name="Default test" duration-ms="8385" started-at="2018-09-21T06:09:46Z" finished-at="2018-09-21T06:09:54Z">
      <class name="selenium_api.Topic01_CheckEnvironment">
        <test-method status="PASS" signature="beforeClass()[pri:0, instance:selenium_api.Topic01_CheckEnvironment@c39f790]" name="beforeClass" is-config="true" duration-ms="3371" started-at="2018-09-21T13:09:46Z" finished-at="2018-09-21T13:09:49Z">
          <reporter-output>
          </reporter-output>
        </test-method> <!-- beforeClass -->
        <test-method status="PASS" signature="TC_01_CheckBrowser()[pri:0, instance:selenium_api.Topic01_CheckEnvironment@c39f790]" name="TC_01_CheckBrowser" duration-ms="4361" started-at="2018-09-21T13:09:49Z" finished-at="2018-09-21T13:09:54Z">
          <reporter-output>
          </reporter-output>
        </test-method> <!-- TC_01_CheckBrowser -->
        <test-method status="PASS" signature="afterClass()[pri:0, instance:selenium_api.Topic01_CheckEnvironment@c39f790]" name="afterClass" is-config="true" duration-ms="640" started-at="2018-09-21T13:09:54Z" finished-at="2018-09-21T13:09:54Z">
          <reporter-output>
          </reporter-output>
        </test-method> <!-- afterClass -->
      </class> <!-- selenium_api.Topic01_CheckEnvironment -->
    </test> <!-- Default test -->
  </suite> <!-- Default suite -->
</testng-results>
